<?xml version="1.0" encoding="UTF-8"?>
<!-- Generated by org.testng.reporters.JUnitXMLReporter -->
<testsuite hostname="QH-PC" name="Default test" tests="16" failures="0" timestamp="7 Mar 2017 07:58:21 GMT" time="457.13" errors="0">
  <testcase name="testCase1" time="14.092" classname="orangelife.ut.person.PersonTest"/>
  <testcase name="testCase2" time="19.382" classname="orangelife.ut.person.PersonTest"/>
  <testcase name="testCase3" time="24.804" classname="orangelife.ut.person.PersonTest"/>
  <testcase name="testCase4" time="20.037" classname="orangelife.ut.person.PersonTest"/>
  <testcase name="testCase5" time="20.0" classname="orangelife.ut.person.PersonTest"/>
  <testcase name="testCase7" time="14.126" classname="orangelife.ut.person.PersonTest"/>
  <testcase name="testCase8" time="19.467" classname="orangelife.ut.person.PersonTest"/>
  <testcase name="testCase9" time="17.619" classname="orangelife.ut.person.PersonTest"/>
  <testcase name="testCase10" time="29.969" classname="orangelife.ut.person.PersonTest"/>
  <testcase name="testCase13" time="20.268" classname="orangelife.ut.person.PersonTest"/>
  <testcase name="testCase14" time="19.833" classname="orangelife.ut.person.PersonTest"/>
  <testcase name="testCase15" time="19.824" classname="orangelife.ut.person.PersonTest"/>
  <testcase name="testCase16" time="20.399" classname="orangelife.ut.person.PersonTest"/>
  <testcase name="testCase17" time="19.636" classname="orangelife.ut.person.PersonTest"/>
  <testcase name="testCase18" time="19.897" classname="orangelife.ut.person.PersonTest"/>
  <testcase name="testCase19" time="19.428" classname="orangelife.ut.person.PersonTest"/>
</testsuite> <!-- Default test -->
