<?xml version="1.0" encoding="UTF-8"?>
<!-- Generated by org.testng.reporters.JUnitXMLReporter -->
<testsuite hostname="QH-PC" name="Test" tests="4" failures="0" timestamp="25 Apr 2017 06:16:53 GMT" time="0.523" errors="0">
  <testcase name="f" time="0.196" classname="orangelife.NewTest"/>
  <testcase name="g" time="0.022" classname="orangelife.NewTest"/>
  <testcase name="h" time="0.007" classname="orangelife.NewTest"/>
  <testcase name="i" time="0.015" classname="orangelife.NewTest"/>
</testsuite> <!-- Test -->
